<?xml version="1.0" encoding="UTF-8"?>
<testsuite xmlns:xsi="http://www.w3.org/2001/XMLSchema-instance" xsi:noNamespaceSchemaLocation="https://maven.apache.org/surefire/maven-surefire-plugin/xsd/surefire-test-report.xsd" version="3.0.2" name="com.SmartContactManager.demoSmartContact.DemoSmartContactApplicationTests" time="10.649" tests="1" errors="0" skipped="0" failures="0">
  <properties>
[...]
</properties>
  <testcase name="contextLoads" classname="com.SmartContactManager.demoSmartContact.DemoSmartContactApplicationTests" time="0.625">
    <system-out><![CDATA[Standard Commons Logging discovery in action with spring-jcl: please remove commons-logging.jar from classpath in order to avoid potential conflicts
16:28:26.475 [main] INFO org.springframework.test.context.support.AnnotationConfigContextLoaderUtils -- Could not detect default configuration classes for test class [com.SmartContactManager.demoSmartContact.DemoSmartContactApplicationTests]: DemoSmartContactApplicationTests does not declare any static, non-private, non-final, nested classes annotated with @Configuration.
16:28:26.659 [main] INFO org.springframework.boot.test.context.SpringBootTestContextBootstrapper -- Found @SpringBootConfiguration com.SmartContactManager.demoSmartContact.DemoSmartContactApplication for test class com.SmartContactManager.demoSmartContact.DemoSmartContactApplicationTests
16:28:26.927 [main] INFO org.springframework.boot.devtools.restart.RestartApplicationListener -- Restart disabled due to context in which it is running

  .   ____          _            __ _ _
 /\\ / ___'_ __ _ _(_)_ __  __ _ \ \ \ \
( ( )\___ | '_ | '_| | '_ \/ _` | \ \ \ \
 \\/  ___)| |_)| | | | | || (_| |  ) ) ) )
  '  |____| .__|_| |_|_| |_\__, | / / / /
 =========|_|==============|___/=/_/_/_/

 :: Spring Boot ::                (v3.4.2)

2025-06-13T16:28:27.405+05:30  INFO 14496 --- [demoSmartContact] [           main] c.S.d.DemoSmartContactApplicationTests   : Starting DemoSmartContactApplicationTests using Java 21.0.2 with PID 14496 (started by Jagmeet singh in C:\Users\Jagmeet singh\Downloads\demoSmartContact\demoSmartContact)
2025-06-13T16:28:27.407+05:30  INFO 14496 --- [demoSmartContact] [           main] c.S.d.DemoSmartContactApplicationTests   : No active profile set, falling back to 1 default profile: "default"
2025-06-13T16:28:27.453+05:30 DEBUG 14496 --- [demoSmartContact] [           main] o.s.w.c.s.GenericWebApplicationContext   : Refreshing org.springframework.web.context.support.GenericWebApplicationContext@1bf0f6f6
2025-06-13T16:28:28.653+05:30  INFO 14496 --- [demoSmartContact] [           main] .s.d.r.c.RepositoryConfigurationDelegate : Bootstrapping Spring Data JPA repositories in DEFAULT mode.
2025-06-13T16:28:28.762+05:30  INFO 14496 --- [demoSmartContact] [           main] .s.d.r.c.RepositoryConfigurationDelegate : Finished Spring Data repository scanning in 92 ms. Found 2 JPA repository interfaces.
2025-06-13T16:28:29.624+05:30  INFO 14496 --- [demoSmartContact] [           main] o.hibernate.jpa.internal.util.LogHelper  : HHH000204: Processing PersistenceUnitInfo [name: default]
2025-06-13T16:28:29.800+05:30  INFO 14496 --- [demoSmartContact] [           main] org.hibernate.Version                    : HHH000412: Hibernate ORM core version 6.6.5.Final
2025-06-13T16:28:29.874+05:30  INFO 14496 --- [demoSmartContact] [           main] o.h.c.internal.RegionFactoryInitiator    : HHH000026: Second-level cache disabled
2025-06-13T16:28:30.438+05:30  INFO 14496 --- [demoSmartContact] [           main] o.s.o.j.p.SpringPersistenceUnitInfo      : No LoadTimeWeaver setup: ignoring JPA class transformer
2025-06-13T16:28:30.492+05:30  INFO 14496 --- [demoSmartContact] [           main] com.zaxxer.hikari.HikariDataSource       : HikariPool-1 - Starting...
2025-06-13T16:28:31.004+05:30  INFO 14496 --- [demoSmartContact] [           main] com.zaxxer.hikari.pool.HikariPool        : HikariPool-1 - Added connection com.mysql.cj.jdbc.ConnectionImpl@5ad0c70a
2025-06-13T16:28:31.007+05:30  INFO 14496 --- [demoSmartContact] [           main] com.zaxxer.hikari.HikariDataSource       : HikariPool-1 - Start completed.
2025-06-13T16:28:31.187+05:30  INFO 14496 --- [demoSmartContact] [           main] org.hibernate.orm.connections.pooling    : HHH10001005: Database info:
	Database JDBC URL [Connecting through datasource 'HikariDataSource (HikariPool-1)']
	Database driver: undefined/unknown
	Database version: 8.0.40
	Autocommit mode: undefined/unknown
	Isolation level: undefined/unknown
	Minimum pool size: undefined/unknown
	Maximum pool size: undefined/unknown
2025-06-13T16:28:32.688+05:30  INFO 14496 --- [demoSmartContact] [           main] o.h.e.t.j.p.i.JtaPlatformInitiator       : HHH000489: No JTA platform available (set 'hibernate.transaction.jta.platform' to enable JTA platform integration)
Hibernate: alter table contact drop foreign key FKnlwewdjjgq158yxfn8oqlabpj
Hibernate: alter table social_link drop foreign key FKjgl9oakag3cpf4btscnvqjpan
Hibernate: alter table user1_rolelist drop foreign key FK2akcsjw9tq2i547xeq4gf3n18
Hibernate: drop table if exists contact
Hibernate: drop table if exists social_link
Hibernate: drop table if exists user1
Hibernate: drop table if exists user1_rolelist
Hibernate: create table contact (favorite bit not null, description varchar(10000), address varchar(255), email varchar(255), id varchar(255) not null, linkedinlink varchar(255), name varchar(255), phonenumber varchar(255), picture varchar(255), user1_userid varchar(255), websitelink varchar(255), primary key (id)) engine=InnoDB
Hibernate: create table social_link (id bigint not null auto_increment, contact_id varchar(255), link varchar(255), title varchar(255), primary key (id)) engine=InnoDB
Hibernate: create table user1 (emailverification bit not null, enable bit not null, phoneverified bit not null, email varchar(255) not null, password varchar(255), phone_number varchar(255), provideruserid varchar(255), user_name varchar(255) not null, userid varchar(255) not null, about TEXT, profilepic TEXT, prov enum ('GITHUB','GOOGLE','SELF'), primary key (userid)) engine=InnoDB
Hibernate: create table user1_rolelist (rolelist varchar(255), user1_userid varchar(255) not null) engine=InnoDB
Hibernate: alter table user1 add constraint UK5go5bwi54dl7876oxqhu7k1es unique (email)
Hibernate: alter table contact add constraint FKnlwewdjjgq158yxfn8oqlabpj foreign key (user1_userid) references user1 (userid)
Hibernate: alter table social_link add constraint FKjgl9oakag3cpf4btscnvqjpan foreign key (contact_id) references contact (id)
Hibernate: alter table user1_rolelist add constraint FK2akcsjw9tq2i547xeq4gf3n18 foreign key (user1_userid) references user1 (userid)
2025-06-13T16:28:33.437+05:30  INFO 14496 --- [demoSmartContact] [           main] j.LocalContainerEntityManagerFactoryBean : Initialized JPA EntityManagerFactory for persistence unit 'default'
2025-06-13T16:28:34.000+05:30  INFO 14496 --- [demoSmartContact] [           main] o.s.d.j.r.query.QueryEnhancerFactory     : Hibernate is in classpath; If applicable, HQL parser will be used.
2025-06-13T16:28:34.989+05:30  WARN 14496 --- [demoSmartContact] [           main] JpaBaseConfiguration$JpaWebConfiguration : spring.jpa.open-in-view is enabled by default. Therefore, database queries may be performed during view rendering. Explicitly configure spring.jpa.open-in-view to disable this warning
2025-06-13T16:28:35.070+05:30  INFO 14496 --- [demoSmartContact] [           main] eAuthenticationProviderManagerConfigurer : Global AuthenticationManager configured with AuthenticationProvider bean with name authenticationProvider
2025-06-13T16:28:35.071+05:30  WARN 14496 --- [demoSmartContact] [           main] r$InitializeUserDetailsManagerConfigurer : Global AuthenticationManager configured with an AuthenticationProvider bean. UserDetailsService beans will not be used by Spring Security for automatically configuring username/password login. Consider removing the AuthenticationProvider bean. Alternatively, consider using the UserDetailsService in a manually instantiated DaoAuthenticationProvider. If the current configuration is intentional, to turn off this warning, increase the logging level of 'org.springframework.security.config.annotation.authentication.configuration.InitializeUserDetailsBeanManagerConfigurer' to ERROR
2025-06-13T16:28:35.328+05:30 DEBUG 14496 --- [demoSmartContact] [           main] s.w.s.m.m.a.RequestMappingHandlerMapping : 15 mappings in 'requestMappingHandlerMapping'
2025-06-13T16:28:35.496+05:30 DEBUG 14496 --- [demoSmartContact] [           main] o.s.w.s.handler.SimpleUrlHandlerMapping  : Patterns [/webjars/**, /**] in 'resourceHandlerMapping'
2025-06-13T16:28:35.638+05:30 DEBUG 14496 --- [demoSmartContact] [           main] o.s.s.web.DefaultSecurityFilterChain     : Will secure any request with filters: DisableEncodeUrlFilter, WebAsyncManagerIntegrationFilter, SecurityContextHolderFilter, HeaderWriterFilter, CsrfFilter, LogoutFilter, OAuth2AuthorizationRequestRedirectFilter, OAuth2LoginAuthenticationFilter, UsernamePasswordAuthenticationFilter, RequestCacheAwareFilter, SecurityContextHolderAwareRequestFilter, AnonymousAuthenticationFilter, ExceptionTranslationFilter, AuthorizationFilter
2025-06-13T16:28:35.911+05:30 DEBUG 14496 --- [demoSmartContact] [           main] s.w.s.m.m.a.RequestMappingHandlerAdapter : ControllerAdvice beans: 1 @ModelAttribute, 0 @InitBinder, 1 RequestBodyAdvice, 1 ResponseBodyAdvice
2025-06-13T16:28:36.034+05:30 DEBUG 14496 --- [demoSmartContact] [           main] .m.m.a.ExceptionHandlerExceptionResolver : ControllerAdvice beans: 0 @ExceptionHandler, 1 ResponseBodyAdvice
2025-06-13T16:28:36.182+05:30  INFO 14496 --- [demoSmartContact] [           main] c.S.d.DemoSmartContactApplicationTests   : Started DemoSmartContactApplicationTests in 9.274 seconds (process running for 10.784)
]]></system-out>
    <system-err><![CDATA[SLF4J: Class path contains multiple SLF4J providers.
SLF4J: Found provider [ch.qos.logback.classic.spi.LogbackServiceProvider@10aa41f2]
SLF4J: Found provider [org.slf4j.simple.SimpleServiceProvider@3af9c5b7]
SLF4J: See https://www.slf4j.org/codes.html#multiple_bindings for an explanation.
SLF4J: Actual provider is of type [ch.qos.logback.classic.spi.LogbackServiceProvider@10aa41f2]
Mockito is currently self-attaching to enable the inline-mock-maker. This will no longer work in future releases of the JDK. Please add Mockito as an agent to your build what is described in Mockito's documentation: https://javadoc.io/doc/org.mockito/mockito-core/latest/org/mockito/Mockito.html#0.3
WARNING: A Java agent has been loaded dynamically (C:\Users\Jagmeet singh\.m2\repository\net\bytebuddy\byte-buddy-agent\1.15.11\byte-buddy-agent-1.15.11.jar)
WARNING: If a serviceability tool is in use, please run with -XX:+EnableDynamicAgentLoading to hide this warning
WARNING: If a serviceability tool is not in use, please run with -Djdk.instrument.traceUsage for more information
WARNING: Dynamic loading of agents will be disallowed by default in a future release
]]></system-err>
  </testcase>
</testsuite>